  [1m[36m (0.2ms)[0m  [1mSELECT `schema_migrations`.`version` FROM `schema_migrations` [0m
Migrating to CreateVariables (20120421020715)
  [1m[35m (51.2ms)[0m  CREATE TABLE `variables` (`id` int(11) DEFAULT NULL auto_increment PRIMARY KEY, `name` varchar(255), `value` varchar(255), `created_at` datetime NOT NULL, `updated_at` datetime NOT NULL) ENGINE=InnoDB
  [1m[36m (0.6ms)[0m  [1mINSERT INTO `schema_migrations` (`version`) VALUES ('20120421020715')[0m
  [1m[35m (0.3ms)[0m  SELECT `schema_migrations`.`version` FROM `schema_migrations` 


Started GET "/admin/pages/" for 127.0.0.1 at 2012-04-20 19:21:35 -0700

ActionController::RoutingError (No route matches [GET] "/admin/pages"):
  actionpack (3.2.3) lib/action_dispatch/middleware/debug_exceptions.rb:21:in `call'
  actionpack (3.2.3) lib/action_dispatch/middleware/show_exceptions.rb:56:in `call'
  railties (3.2.3) lib/rails/rack/logger.rb:26:in `call_app'
  railties (3.2.3) lib/rails/rack/logger.rb:16:in `call'
  actionpack (3.2.3) lib/action_dispatch/middleware/request_id.rb:22:in `call'
  rack (1.4.1) lib/rack/methodoverride.rb:21:in `call'
  rack (1.4.1) lib/rack/runtime.rb:17:in `call'
  activesupport (3.2.3) lib/active_support/cache/strategy/local_cache.rb:72:in `call'
  rack (1.4.1) lib/rack/lock.rb:15:in `call'
  actionpack (3.2.3) lib/action_dispatch/middleware/static.rb:62:in `call'
  railties (3.2.3) lib/rails/engine.rb:479:in `call'
  railties (3.2.3) lib/rails/application.rb:220:in `call'
  rack (1.4.1) lib/rack/content_length.rb:14:in `call'
  railties (3.2.3) lib/rails/rack/log_tailer.rb:14:in `call'
  rack (1.4.1) lib/rack/handler/webrick.rb:59:in `service'
  /Users/rebeccapoulson/.rvm/rubies/ruby-1.9.3-p194/lib/ruby/1.9.1/webrick/httpserver.rb:138:in `service'
  /Users/rebeccapoulson/.rvm/rubies/ruby-1.9.3-p194/lib/ruby/1.9.1/webrick/httpserver.rb:94:in `run'
  /Users/rebeccapoulson/.rvm/rubies/ruby-1.9.3-p194/lib/ruby/1.9.1/webrick/server.rb:191:in `block in start_thread'


  Rendered /Users/rebeccapoulson/.rvm/gems/ruby-1.9.3-p194/gems/actionpack-3.2.3/lib/action_dispatch/middleware/templates/rescues/routing_error.erb within rescues/layout (6.4ms)


Started GET "/pages/home" for 127.0.0.1 at 2012-04-20 19:21:40 -0700

SyntaxError (/Users/rebeccapoulson/Desktop/Lembic_Full/app/controllers/pages_controller.rb:7: invalid multibyte char (US-ASCII)
/Users/rebeccapoulson/Desktop/Lembic_Full/app/controllers/pages_controller.rb:7: syntax error, unexpected $end
...:all,:conditions=> {:order => “page_order DESC”)
...                               ^):
  activesupport (3.2.3) lib/active_support/dependencies.rb:469:in `load'
  activesupport (3.2.3) lib/active_support/dependencies.rb:469:in `block in load_file'
  activesupport (3.2.3) lib/active_support/dependencies.rb:639:in `new_constants_in'
  activesupport (3.2.3) lib/active_support/dependencies.rb:468:in `load_file'
  activesupport (3.2.3) lib/active_support/dependencies.rb:353:in `require_or_load'
  activesupport (3.2.3) lib/active_support/dependencies.rb:502:in `load_missing_constant'
  activesupport (3.2.3) lib/active_support/dependencies.rb:192:in `block in const_missing'
  activesupport (3.2.3) lib/active_support/dependencies.rb:190:in `each'
  activesupport (3.2.3) lib/active_support/dependencies.rb:190:in `const_missing'
  activesupport (3.2.3) lib/active_support/inflector/methods.rb:229:in `block in constantize'
  activesupport (3.2.3) lib/active_support/inflector/methods.rb:228:in `each'
  activesupport (3.2.3) lib/active_support/inflector/methods.rb:228:in `constantize'
  activesupport (3.2.3) lib/active_support/dependencies.rb:554:in `get'
  actionpack (3.2.3) lib/action_dispatch/routing/route_set.rb:69:in `controller_reference'
  actionpack (3.2.3) lib/action_dispatch/routing/route_set.rb:54:in `controller'
  actionpack (3.2.3) lib/action_dispatch/routing/route_set.rb:32:in `call'
  journey (1.0.3) lib/journey/router.rb:68:in `block in call'
  journey (1.0.3) lib/journey/router.rb:56:in `each'
  journey (1.0.3) lib/journey/router.rb:56:in `call'
  actionpack (3.2.3) lib/action_dispatch/routing/route_set.rb:600:in `call'
  actionpack (3.2.3) lib/action_dispatch/middleware/best_standards_support.rb:17:in `call'
  rack (1.4.1) lib/rack/etag.rb:23:in `call'
  rack (1.4.1) lib/rack/conditionalget.rb:25:in `call'
  actionpack (3.2.3) lib/action_dispatch/middleware/head.rb:14:in `call'
  actionpack (3.2.3) lib/action_dispatch/middleware/params_parser.rb:21:in `call'
  actionpack (3.2.3) lib/action_dispatch/middleware/flash.rb:242:in `call'
  rack (1.4.1) lib/rack/session/abstract/id.rb:205:in `context'
  rack (1.4.1) lib/rack/session/abstract/id.rb:200:in `call'
  actionpack (3.2.3) lib/action_dispatch/middleware/cookies.rb:338:in `call'
  activerecord (3.2.3) lib/active_record/query_cache.rb:64:in `call'
  activerecord (3.2.3) lib/active_record/connection_adapters/abstract/connection_pool.rb:467:in `call'
  actionpack (3.2.3) lib/action_dispatch/middleware/callbacks.rb:28:in `block in call'
  activesupport (3.2.3) lib/active_support/callbacks.rb:405:in `_run__919777287622964086__call__1175653221085852382__callbacks'
  activesupport (3.2.3) lib/active_support/callbacks.rb:405:in `__run_callback'
  activesupport (3.2.3) lib/active_support/callbacks.rb:385:in `_run_call_callbacks'
  activesupport (3.2.3) lib/active_support/callbacks.rb:81:in `run_callbacks'
  actionpack (3.2.3) lib/action_dispatch/middleware/callbacks.rb:27:in `call'
  actionpack (3.2.3) lib/action_dispatch/middleware/reloader.rb:65:in `call'
  actionpack (3.2.3) lib/action_dispatch/middleware/remote_ip.rb:31:in `call'
  actionpack (3.2.3) lib/action_dispatch/middleware/debug_exceptions.rb:16:in `call'
  actionpack (3.2.3) lib/action_dispatch/middleware/show_exceptions.rb:56:in `call'
  railties (3.2.3) lib/rails/rack/logger.rb:26:in `call_app'
  railties (3.2.3) lib/rails/rack/logger.rb:16:in `call'
  actionpack (3.2.3) lib/action_dispatch/middleware/request_id.rb:22:in `call'
  rack (1.4.1) lib/rack/methodoverride.rb:21:in `call'
  rack (1.4.1) lib/rack/runtime.rb:17:in `call'
  activesupport (3.2.3) lib/active_support/cache/strategy/local_cache.rb:72:in `call'
  rack (1.4.1) lib/rack/lock.rb:15:in `call'
  actionpack (3.2.3) lib/action_dispatch/middleware/static.rb:62:in `call'
  railties (3.2.3) lib/rails/engine.rb:479:in `call'
  railties (3.2.3) lib/rails/application.rb:220:in `call'
  rack (1.4.1) lib/rack/content_length.rb:14:in `call'
  railties (3.2.3) lib/rails/rack/log_tailer.rb:14:in `call'
  rack (1.4.1) lib/rack/handler/webrick.rb:59:in `service'
  /Users/rebeccapoulson/.rvm/rubies/ruby-1.9.3-p194/lib/ruby/1.9.1/webrick/httpserver.rb:138:in `service'
  /Users/rebeccapoulson/.rvm/rubies/ruby-1.9.3-p194/lib/ruby/1.9.1/webrick/httpserver.rb:94:in `run'
  /Users/rebeccapoulson/.rvm/rubies/ruby-1.9.3-p194/lib/ruby/1.9.1/webrick/server.rb:191:in `block in start_thread'


  Rendered /Users/rebeccapoulson/.rvm/gems/ruby-1.9.3-p194/gems/actionpack-3.2.3/lib/action_dispatch/middleware/templates/rescues/_trace.erb (16.3ms)
  Rendered /Users/rebeccapoulson/.rvm/gems/ruby-1.9.3-p194/gems/actionpack-3.2.3/lib/action_dispatch/middleware/templates/rescues/_request_and_response.erb (4.2ms)
  Rendered /Users/rebeccapoulson/.rvm/gems/ruby-1.9.3-p194/gems/actionpack-3.2.3/lib/action_dispatch/middleware/templates/rescues/diagnostics.erb within rescues/layout (29.0ms)


Started GET "/admin/pages/" for 127.0.0.1 at 2012-04-20 19:25:13 -0700

ActionController::RoutingError (No route matches [GET] "/admin/pages"):
  actionpack (3.2.3) lib/action_dispatch/middleware/debug_exceptions.rb:21:in `call'
  actionpack (3.2.3) lib/action_dispatch/middleware/show_exceptions.rb:56:in `call'
  railties (3.2.3) lib/rails/rack/logger.rb:26:in `call_app'
  railties (3.2.3) lib/rails/rack/logger.rb:16:in `call'
  actionpack (3.2.3) lib/action_dispatch/middleware/request_id.rb:22:in `call'
  rack (1.4.1) lib/rack/methodoverride.rb:21:in `call'
  rack (1.4.1) lib/rack/runtime.rb:17:in `call'
  activesupport (3.2.3) lib/active_support/cache/strategy/local_cache.rb:72:in `call'
  rack (1.4.1) lib/rack/lock.rb:15:in `call'
  actionpack (3.2.3) lib/action_dispatch/middleware/static.rb:62:in `call'
  railties (3.2.3) lib/rails/engine.rb:479:in `call'
  railties (3.2.3) lib/rails/application.rb:220:in `call'
  rack (1.4.1) lib/rack/content_length.rb:14:in `call'
  railties (3.2.3) lib/rails/rack/log_tailer.rb:14:in `call'
  rack (1.4.1) lib/rack/handler/webrick.rb:59:in `service'
  /Users/rebeccapoulson/.rvm/rubies/ruby-1.9.3-p194/lib/ruby/1.9.1/webrick/httpserver.rb:138:in `service'
  /Users/rebeccapoulson/.rvm/rubies/ruby-1.9.3-p194/lib/ruby/1.9.1/webrick/httpserver.rb:94:in `run'
  /Users/rebeccapoulson/.rvm/rubies/ruby-1.9.3-p194/lib/ruby/1.9.1/webrick/server.rb:191:in `block in start_thread'


  Rendered /Users/rebeccapoulson/.rvm/gems/ruby-1.9.3-p194/gems/actionpack-3.2.3/lib/action_dispatch/middleware/templates/rescues/routing_error.erb within rescues/layout (1.9ms)


Started GET "/pages/home" for 127.0.0.1 at 2012-04-20 19:25:19 -0700

SyntaxError (/Users/rebeccapoulson/Desktop/Lembic_Full/app/controllers/pages_controller.rb:7: invalid multibyte char (US-ASCII)
/Users/rebeccapoulson/Desktop/Lembic_Full/app/controllers/pages_controller.rb:7: syntax error, unexpected $end
...:all,:conditions=> {:order => “page_order DESC”)
...                               ^):
  activesupport (3.2.3) lib/active_support/dependencies.rb:469:in `load'
  activesupport (3.2.3) lib/active_support/dependencies.rb:469:in `block in load_file'
  activesupport (3.2.3) lib/active_support/dependencies.rb:639:in `new_constants_in'
  activesupport (3.2.3) lib/active_support/dependencies.rb:468:in `load_file'
  activesupport (3.2.3) lib/active_support/dependencies.rb:353:in `require_or_load'
  activesupport (3.2.3) lib/active_support/dependencies.rb:502:in `load_missing_constant'
  activesupport (3.2.3) lib/active_support/dependencies.rb:192:in `block in const_missing'
  activesupport (3.2.3) lib/active_support/dependencies.rb:190:in `each'
  activesupport (3.2.3) lib/active_support/dependencies.rb:190:in `const_missing'
  activesupport (3.2.3) lib/active_support/inflector/methods.rb:229:in `block in constantize'
  activesupport (3.2.3) lib/active_support/inflector/methods.rb:228:in `each'
  activesupport (3.2.3) lib/active_support/inflector/methods.rb:228:in `constantize'
  activesupport (3.2.3) lib/active_support/dependencies.rb:554:in `get'
  actionpack (3.2.3) lib/action_dispatch/routing/route_set.rb:69:in `controller_reference'
  actionpack (3.2.3) lib/action_dispatch/routing/route_set.rb:54:in `controller'
  actionpack (3.2.3) lib/action_dispatch/routing/route_set.rb:32:in `call'
  journey (1.0.3) lib/journey/router.rb:68:in `block in call'
  journey (1.0.3) lib/journey/router.rb:56:in `each'
  journey (1.0.3) lib/journey/router.rb:56:in `call'
  actionpack (3.2.3) lib/action_dispatch/routing/route_set.rb:600:in `call'
  actionpack (3.2.3) lib/action_dispatch/middleware/best_standards_support.rb:17:in `call'
  rack (1.4.1) lib/rack/etag.rb:23:in `call'
  rack (1.4.1) lib/rack/conditionalget.rb:25:in `call'
  actionpack (3.2.3) lib/action_dispatch/middleware/head.rb:14:in `call'
  actionpack (3.2.3) lib/action_dispatch/middleware/params_parser.rb:21:in `call'
  actionpack (3.2.3) lib/action_dispatch/middleware/flash.rb:242:in `call'
  rack (1.4.1) lib/rack/session/abstract/id.rb:205:in `context'
  rack (1.4.1) lib/rack/session/abstract/id.rb:200:in `call'
  actionpack (3.2.3) lib/action_dispatch/middleware/cookies.rb:338:in `call'
  activerecord (3.2.3) lib/active_record/query_cache.rb:64:in `call'
  activerecord (3.2.3) lib/active_record/connection_adapters/abstract/connection_pool.rb:467:in `call'
  actionpack (3.2.3) lib/action_dispatch/middleware/callbacks.rb:28:in `block in call'
  activesupport (3.2.3) lib/active_support/callbacks.rb:405:in `_run__2856855191498955044__call__1050506992709299624__callbacks'
  activesupport (3.2.3) lib/active_support/callbacks.rb:405:in `__run_callback'
  activesupport (3.2.3) lib/active_support/callbacks.rb:385:in `_run_call_callbacks'
  activesupport (3.2.3) lib/active_support/callbacks.rb:81:in `run_callbacks'
  actionpack (3.2.3) lib/action_dispatch/middleware/callbacks.rb:27:in `call'
  actionpack (3.2.3) lib/action_dispatch/middleware/reloader.rb:65:in `call'
  actionpack (3.2.3) lib/action_dispatch/middleware/remote_ip.rb:31:in `call'
  actionpack (3.2.3) lib/action_dispatch/middleware/debug_exceptions.rb:16:in `call'
  actionpack (3.2.3) lib/action_dispatch/middleware/show_exceptions.rb:56:in `call'
  railties (3.2.3) lib/rails/rack/logger.rb:26:in `call_app'
  railties (3.2.3) lib/rails/rack/logger.rb:16:in `call'
  actionpack (3.2.3) lib/action_dispatch/middleware/request_id.rb:22:in `call'
  rack (1.4.1) lib/rack/methodoverride.rb:21:in `call'
  rack (1.4.1) lib/rack/runtime.rb:17:in `call'
  activesupport (3.2.3) lib/active_support/cache/strategy/local_cache.rb:72:in `call'
  rack (1.4.1) lib/rack/lock.rb:15:in `call'
  actionpack (3.2.3) lib/action_dispatch/middleware/static.rb:62:in `call'
  railties (3.2.3) lib/rails/engine.rb:479:in `call'
  railties (3.2.3) lib/rails/application.rb:220:in `call'
  rack (1.4.1) lib/rack/content_length.rb:14:in `call'
  railties (3.2.3) lib/rails/rack/log_tailer.rb:14:in `call'
  rack (1.4.1) lib/rack/handler/webrick.rb:59:in `service'
  /Users/rebeccapoulson/.rvm/rubies/ruby-1.9.3-p194/lib/ruby/1.9.1/webrick/httpserver.rb:138:in `service'
  /Users/rebeccapoulson/.rvm/rubies/ruby-1.9.3-p194/lib/ruby/1.9.1/webrick/httpserver.rb:94:in `run'
  /Users/rebeccapoulson/.rvm/rubies/ruby-1.9.3-p194/lib/ruby/1.9.1/webrick/server.rb:191:in `block in start_thread'


  Rendered /Users/rebeccapoulson/.rvm/gems/ruby-1.9.3-p194/gems/actionpack-3.2.3/lib/action_dispatch/middleware/templates/rescues/_trace.erb (1.7ms)
  Rendered /Users/rebeccapoulson/.rvm/gems/ruby-1.9.3-p194/gems/actionpack-3.2.3/lib/action_dispatch/middleware/templates/rescues/_request_and_response.erb (2.0ms)
  Rendered /Users/rebeccapoulson/.rvm/gems/ruby-1.9.3-p194/gems/actionpack-3.2.3/lib/action_dispatch/middleware/templates/rescues/diagnostics.erb within rescues/layout (11.5ms)


Started GET "/pages/home" for 127.0.0.1 at 2012-04-20 19:27:12 -0700
Processing by PagesController#home as HTML
  Rendered pages/home.html.erb within layouts/application (3.0ms)
Compiled pages.css  (30ms)  (pid 8830)
Compiled application.css  (38ms)  (pid 8830)
Compiled jquery.js  (1ms)  (pid 8830)
Compiled jquery_ujs.js  (0ms)  (pid 8830)
Compiled pages.js  (129ms)  (pid 8830)
Compiled application.js  (216ms)  (pid 8830)
Completed 200 OK in 348ms (Views: 347.7ms | ActiveRecord: 0.0ms)


Started GET "/assets/pages.css?body=1" for 127.0.0.1 at 2012-04-20 19:27:12 -0700
Served asset /pages.css - 200 OK (7ms)


Started GET "/assets/pages.js?body=1" for 127.0.0.1 at 2012-04-20 19:27:12 -0700
Served asset /pages.js - 200 OK (3ms)


Started GET "/assets/application.js?body=1" for 127.0.0.1 at 2012-04-20 19:27:12 -0700
Served asset /application.js - 304 Not Modified (9ms)


Started GET "/assets/jquery_ujs.js?body=1" for 127.0.0.1 at 2012-04-20 19:27:12 -0700
Served asset /jquery_ujs.js - 304 Not Modified (2ms)


Started GET "/assets/application.css?body=1" for 127.0.0.1 at 2012-04-20 19:27:12 -0700
Served asset /application.css - 304 Not Modified (2ms)


Started GET "/assets/jquery.js?body=1" for 127.0.0.1 at 2012-04-20 19:27:12 -0700
Served asset /jquery.js - 304 Not Modified (2ms)


Started GET "/pages/home" for 127.0.0.1 at 2012-04-20 19:41:43 -0700
Processing by PagesController#home as HTML
  [1m[36mVariable Load (0.4ms)[0m  [1mSELECT `variables`.* FROM `variables` [0m
  Rendered pages/home.html.erb within layouts/application (1.7ms)
Completed 200 OK in 121ms (Views: 22.7ms | ActiveRecord: 24.7ms)


Started GET "/assets/jquery_ujs.js?body=1" for 127.0.0.1 at 2012-04-20 19:41:43 -0700
Served asset /jquery_ujs.js - 304 Not Modified (4ms)


Started GET "/assets/pages.css?body=1" for 127.0.0.1 at 2012-04-20 19:41:43 -0700
Served asset /pages.css - 304 Not Modified (1ms)


Started GET "/assets/application.css?body=1" for 127.0.0.1 at 2012-04-20 19:41:43 -0700
Served asset /application.css - 304 Not Modified (2ms)


Started GET "/assets/jquery.js?body=1" for 127.0.0.1 at 2012-04-20 19:41:43 -0700
Served asset /jquery.js - 304 Not Modified (1ms)


Started GET "/assets/pages.js?body=1" for 127.0.0.1 at 2012-04-20 19:41:43 -0700
Served asset /pages.js - 304 Not Modified (1ms)


Started GET "/assets/application.js?body=1" for 127.0.0.1 at 2012-04-20 19:41:43 -0700
Served asset /application.js - 304 Not Modified (5ms)


Started GET "/pages/home" for 127.0.0.1 at 2012-04-20 19:57:37 -0700
Processing by PagesController#home as HTML
  [1m[36mVariable Load (0.2ms)[0m  [1mSELECT `variables`.* FROM `variables` [0m
  Rendered pages/home.html.erb within layouts/application (31.5ms)
Completed 500 Internal Server Error in 86ms

ActionView::Template::Error (undefined method `variables_path' for #<#<Class:0x007ff23e6dbe78>:0x007ff23e6e0220>):
    2: 
    3: <p>Find me in app/views/pages/home.html.erb</p>
    4: 
    5: <%= form_for(@var) do |f| %>
    6: 	<%= f.label :name %>
    7: 	<%= f.text_field :name %>
    8: 	
  app/views/pages/home.html.erb:5:in `_app_views_pages_home_html_erb__1665667249312900185_70339202333440'


  Rendered /Users/rebeccapoulson/.rvm/gems/ruby-1.9.3-p194/gems/actionpack-3.2.3/lib/action_dispatch/middleware/templates/rescues/_trace.erb (18.2ms)
  Rendered /Users/rebeccapoulson/.rvm/gems/ruby-1.9.3-p194/gems/actionpack-3.2.3/lib/action_dispatch/middleware/templates/rescues/_request_and_response.erb (0.7ms)
  Rendered /Users/rebeccapoulson/.rvm/gems/ruby-1.9.3-p194/gems/actionpack-3.2.3/lib/action_dispatch/middleware/templates/rescues/template_error.erb within rescues/layout (26.5ms)


Started GET "/pages/home" for 127.0.0.1 at 2012-04-20 19:57:38 -0700
Processing by PagesController#home as HTML
  [1m[35mVariable Load (0.3ms)[0m  SELECT `variables`.* FROM `variables` 
  Rendered pages/home.html.erb within layouts/application (3.6ms)
Completed 500 Internal Server Error in 6ms

ActionView::Template::Error (undefined method `variables_path' for #<#<Class:0x007ff23e6dbe78>:0x007ff23cecb388>):
    2: 
    3: <p>Find me in app/views/pages/home.html.erb</p>
    4: 
    5: <%= form_for(@var) do |f| %>
    6: 	<%= f.label :name %>
    7: 	<%= f.text_field :name %>
    8: 	
  app/views/pages/home.html.erb:5:in `_app_views_pages_home_html_erb__1665667249312900185_70339202333440'


  Rendered /Users/rebeccapoulson/.rvm/gems/ruby-1.9.3-p194/gems/actionpack-3.2.3/lib/action_dispatch/middleware/templates/rescues/_trace.erb (4.8ms)
  Rendered /Users/rebeccapoulson/.rvm/gems/ruby-1.9.3-p194/gems/actionpack-3.2.3/lib/action_dispatch/middleware/templates/rescues/_request_and_response.erb (0.9ms)
  Rendered /Users/rebeccapoulson/.rvm/gems/ruby-1.9.3-p194/gems/actionpack-3.2.3/lib/action_dispatch/middleware/templates/rescues/template_error.erb within rescues/layout (16.2ms)


Started GET "/pages/home" for 127.0.0.1 at 2012-04-20 19:59:31 -0700
Processing by PagesController#home as HTML
  Rendered pages/home.html.erb within layouts/application (9.7ms)
Completed 500 Internal Server Error in 57ms

ActionView::Template::Error (undefined method `variables_path' for #<#<Class:0x007f96e71c9168>:0x007f96e71cc570>):
    2: 
    3: <p>Find me in app/views/pages/home.html.erb</p>
    4: 
    5: <%= form_for(@var) do |f| %>
    6: 	<%= f.label :name %>
    7: 	<%= f.text_field :name %>
    8: 	
  app/views/pages/home.html.erb:5:in `_app_views_pages_home_html_erb__4512180839571200533_70143029560160'


  Rendered /Users/rebeccapoulson/.rvm/gems/ruby-1.9.3-p194/gems/actionpack-3.2.3/lib/action_dispatch/middleware/templates/rescues/_trace.erb (2.5ms)
  Rendered /Users/rebeccapoulson/.rvm/gems/ruby-1.9.3-p194/gems/actionpack-3.2.3/lib/action_dispatch/middleware/templates/rescues/_request_and_response.erb (0.7ms)
  Rendered /Users/rebeccapoulson/.rvm/gems/ruby-1.9.3-p194/gems/actionpack-3.2.3/lib/action_dispatch/middleware/templates/rescues/template_error.erb within rescues/layout (8.1ms)


Started GET "/pages/home" for 127.0.0.1 at 2012-04-20 20:12:17 -0700
Processing by PagesController#home as HTML
  [1m[36mVariable Load (0.3ms)[0m  [1mSELECT `variables`.* FROM `variables` [0m
  Rendered pages/home.html.erb within layouts/application (9.7ms)
Completed 500 Internal Server Error in 57ms

ActionView::Template::Error (undefined method `variables_path' for #<#<Class:0x007fa3dd7b9890>:0x007fa3dd7be890>):
    2: 
    3: <p>Find me in app/views/pages/home.html.erb</p>
    4: 
    5: <%= form_for(@var) do |f| %>
    6: 	<%= f.label :name %>
    7: 	<%= f.text_field :name %>
    8: 	
  app/views/pages/home.html.erb:5:in `_app_views_pages_home_html_erb__2707778936729536220_70170885836440'


  Rendered /Users/rebeccapoulson/.rvm/gems/ruby-1.9.3-p194/gems/actionpack-3.2.3/lib/action_dispatch/middleware/templates/rescues/_trace.erb (2.6ms)
  Rendered /Users/rebeccapoulson/.rvm/gems/ruby-1.9.3-p194/gems/actionpack-3.2.3/lib/action_dispatch/middleware/templates/rescues/_request_and_response.erb (0.7ms)
  Rendered /Users/rebeccapoulson/.rvm/gems/ruby-1.9.3-p194/gems/actionpack-3.2.3/lib/action_dispatch/middleware/templates/rescues/template_error.erb within rescues/layout (8.5ms)


Started GET "/pages/home" for 127.0.0.1 at 2012-04-20 20:13:31 -0700
Processing by PagesController#home as HTML
  [1m[36mVariable Load (0.2ms)[0m  [1mSELECT `variables`.* FROM `variables` [0m
  Rendered pages/home.html.erb within layouts/application (75.2ms)
Completed 200 OK in 154ms (Views: 128.1ms | ActiveRecord: 3.2ms)


Started GET "/assets/application.css?body=1" for 127.0.0.1 at 2012-04-20 20:13:32 -0700
Served asset /application.css - 304 Not Modified (10ms)


Started GET "/assets/pages.css?body=1" for 127.0.0.1 at 2012-04-20 20:13:32 -0700
Served asset /pages.css - 304 Not Modified (1ms)


Started GET "/assets/jquery_ujs.js?body=1" for 127.0.0.1 at 2012-04-20 20:13:32 -0700
Served asset /jquery_ujs.js - 304 Not Modified (1ms)


Started GET "/assets/pages.js?body=1" for 127.0.0.1 at 2012-04-20 20:13:32 -0700
Served asset /pages.js - 304 Not Modified (1ms)


Started GET "/assets/jquery.js?body=1" for 127.0.0.1 at 2012-04-20 20:13:32 -0700
Served asset /jquery.js - 304 Not Modified (1ms)


Started GET "/assets/application.js?body=1" for 127.0.0.1 at 2012-04-20 20:13:32 -0700
Served asset /application.js - 304 Not Modified (5ms)


Started POST "/pages/home" for 127.0.0.1 at 2012-04-20 20:13:43 -0700

ActionController::RoutingError (No route matches [POST] "/pages/home"):
  actionpack (3.2.3) lib/action_dispatch/middleware/debug_exceptions.rb:21:in `call'
  actionpack (3.2.3) lib/action_dispatch/middleware/show_exceptions.rb:56:in `call'
  railties (3.2.3) lib/rails/rack/logger.rb:26:in `call_app'
  railties (3.2.3) lib/rails/rack/logger.rb:16:in `call'
  actionpack (3.2.3) lib/action_dispatch/middleware/request_id.rb:22:in `call'
  rack (1.4.1) lib/rack/methodoverride.rb:21:in `call'
  rack (1.4.1) lib/rack/runtime.rb:17:in `call'
  activesupport (3.2.3) lib/active_support/cache/strategy/local_cache.rb:72:in `call'
  rack (1.4.1) lib/rack/lock.rb:15:in `call'
  actionpack (3.2.3) lib/action_dispatch/middleware/static.rb:62:in `call'
  railties (3.2.3) lib/rails/engine.rb:479:in `call'
  railties (3.2.3) lib/rails/application.rb:220:in `call'
  rack (1.4.1) lib/rack/content_length.rb:14:in `call'
  railties (3.2.3) lib/rails/rack/log_tailer.rb:14:in `call'
  rack (1.4.1) lib/rack/handler/webrick.rb:59:in `service'
  /Users/rebeccapoulson/.rvm/rubies/ruby-1.9.3-p194/lib/ruby/1.9.1/webrick/httpserver.rb:138:in `service'
  /Users/rebeccapoulson/.rvm/rubies/ruby-1.9.3-p194/lib/ruby/1.9.1/webrick/httpserver.rb:94:in `run'
  /Users/rebeccapoulson/.rvm/rubies/ruby-1.9.3-p194/lib/ruby/1.9.1/webrick/server.rb:191:in `block in start_thread'


  Rendered /Users/rebeccapoulson/.rvm/gems/ruby-1.9.3-p194/gems/actionpack-3.2.3/lib/action_dispatch/middleware/templates/rescues/routing_error.erb within rescues/layout (0.8ms)


Started POST "/pages/home" for 127.0.0.1 at 2012-04-20 20:13:51 -0700

ActionController::RoutingError (No route matches [POST] "/pages/home"):
  actionpack (3.2.3) lib/action_dispatch/middleware/debug_exceptions.rb:21:in `call'
  actionpack (3.2.3) lib/action_dispatch/middleware/show_exceptions.rb:56:in `call'
  railties (3.2.3) lib/rails/rack/logger.rb:26:in `call_app'
  railties (3.2.3) lib/rails/rack/logger.rb:16:in `call'
  actionpack (3.2.3) lib/action_dispatch/middleware/request_id.rb:22:in `call'
  rack (1.4.1) lib/rack/methodoverride.rb:21:in `call'
  rack (1.4.1) lib/rack/runtime.rb:17:in `call'
  activesupport (3.2.3) lib/active_support/cache/strategy/local_cache.rb:72:in `call'
  rack (1.4.1) lib/rack/lock.rb:15:in `call'
  actionpack (3.2.3) lib/action_dispatch/middleware/static.rb:62:in `call'
  railties (3.2.3) lib/rails/engine.rb:479:in `call'
  railties (3.2.3) lib/rails/application.rb:220:in `call'
  rack (1.4.1) lib/rack/content_length.rb:14:in `call'
  railties (3.2.3) lib/rails/rack/log_tailer.rb:14:in `call'
  rack (1.4.1) lib/rack/handler/webrick.rb:59:in `service'
  /Users/rebeccapoulson/.rvm/rubies/ruby-1.9.3-p194/lib/ruby/1.9.1/webrick/httpserver.rb:138:in `service'
  /Users/rebeccapoulson/.rvm/rubies/ruby-1.9.3-p194/lib/ruby/1.9.1/webrick/httpserver.rb:94:in `run'
  /Users/rebeccapoulson/.rvm/rubies/ruby-1.9.3-p194/lib/ruby/1.9.1/webrick/server.rb:191:in `block in start_thread'


  Rendered /Users/rebeccapoulson/.rvm/gems/ruby-1.9.3-p194/gems/actionpack-3.2.3/lib/action_dispatch/middleware/templates/rescues/routing_error.erb within rescues/layout (0.5ms)


Started POST "/pages/home" for 127.0.0.1 at 2012-04-20 20:15:34 -0700

ActionController::RoutingError (No route matches [POST] "/pages/home"):
  actionpack (3.2.3) lib/action_dispatch/middleware/debug_exceptions.rb:21:in `call'
  actionpack (3.2.3) lib/action_dispatch/middleware/show_exceptions.rb:56:in `call'
  railties (3.2.3) lib/rails/rack/logger.rb:26:in `call_app'
  railties (3.2.3) lib/rails/rack/logger.rb:16:in `call'
  actionpack (3.2.3) lib/action_dispatch/middleware/request_id.rb:22:in `call'
  rack (1.4.1) lib/rack/methodoverride.rb:21:in `call'
  rack (1.4.1) lib/rack/runtime.rb:17:in `call'
  activesupport (3.2.3) lib/active_support/cache/strategy/local_cache.rb:72:in `call'
  rack (1.4.1) lib/rack/lock.rb:15:in `call'
  actionpack (3.2.3) lib/action_dispatch/middleware/static.rb:62:in `call'
  railties (3.2.3) lib/rails/engine.rb:479:in `call'
  railties (3.2.3) lib/rails/application.rb:220:in `call'
  rack (1.4.1) lib/rack/content_length.rb:14:in `call'
  railties (3.2.3) lib/rails/rack/log_tailer.rb:14:in `call'
  rack (1.4.1) lib/rack/handler/webrick.rb:59:in `service'
  /Users/rebeccapoulson/.rvm/rubies/ruby-1.9.3-p194/lib/ruby/1.9.1/webrick/httpserver.rb:138:in `service'
  /Users/rebeccapoulson/.rvm/rubies/ruby-1.9.3-p194/lib/ruby/1.9.1/webrick/httpserver.rb:94:in `run'
  /Users/rebeccapoulson/.rvm/rubies/ruby-1.9.3-p194/lib/ruby/1.9.1/webrick/server.rb:191:in `block in start_thread'


  Rendered /Users/rebeccapoulson/.rvm/gems/ruby-1.9.3-p194/gems/actionpack-3.2.3/lib/action_dispatch/middleware/templates/rescues/routing_error.erb within rescues/layout (1.7ms)


Started GET "/pages/home" for 127.0.0.1 at 2012-04-20 20:15:37 -0700
Processing by PagesController#home as HTML
  [1m[36mVariable Load (0.2ms)[0m  [1mSELECT `variables`.* FROM `variables` [0m
  Rendered pages/home.html.erb within layouts/application (6.6ms)
Completed 200 OK in 57ms (Views: 18.6ms | ActiveRecord: 3.1ms)


Started GET "/assets/application.css?body=1" for 127.0.0.1 at 2012-04-20 20:15:37 -0700
Served asset /application.css - 304 Not Modified (24ms)


Started GET "/assets/pages.css?body=1" for 127.0.0.1 at 2012-04-20 20:15:37 -0700
Served asset /pages.css - 304 Not Modified (4ms)


Started GET "/assets/jquery.js?body=1" for 127.0.0.1 at 2012-04-20 20:15:37 -0700
Served asset /jquery.js - 304 Not Modified (1ms)


Started GET "/assets/application.js?body=1" for 127.0.0.1 at 2012-04-20 20:15:37 -0700
Served asset /application.js - 304 Not Modified (6ms)


Started GET "/assets/pages.js?body=1" for 127.0.0.1 at 2012-04-20 20:15:37 -0700
Served asset /pages.js - 304 Not Modified (1ms)


Started GET "/assets/jquery_ujs.js?body=1" for 127.0.0.1 at 2012-04-20 20:15:37 -0700
Served asset /jquery_ujs.js - 304 Not Modified (1ms)


Started GET "/pages/home" for 127.0.0.1 at 2012-04-20 20:20:08 -0700
Processing by PagesController#home as HTML
  [1m[36mVariable Load (0.2ms)[0m  [1mSELECT `variables`.* FROM `variables` [0m
Completed 500 Internal Server Error in 51ms

ActionView::MissingTemplate (Missing template pages/new, application/new with {:locale=>[:en], :formats=>[:html], :handlers=>[:erb, :builder, :coffee]}. Searched in:
  * "/Users/rebeccapoulson/Desktop/Lembic_Full/app/views"
):
  app/controllers/pages_controller.rb:5:in `home'


  Rendered /Users/rebeccapoulson/.rvm/gems/ruby-1.9.3-p194/gems/actionpack-3.2.3/lib/action_dispatch/middleware/templates/rescues/missing_template.erb within rescues/layout (3.6ms)


Started GET "/pages/home" for 127.0.0.1 at 2012-04-20 20:21:13 -0700
Processing by PagesController#home as HTML
  [1m[36mVariable Load (0.3ms)[0m  [1mSELECT `variables`.* FROM `variables` [0m
  Rendered pages/home.html.erb within layouts/application (7.4ms)
Completed 200 OK in 66ms (Views: 25.1ms | ActiveRecord: 4.2ms)


Started GET "/assets/application.css?body=1" for 127.0.0.1 at 2012-04-20 20:21:13 -0700
Served asset /application.css - 304 Not Modified (24ms)


Started GET "/assets/jquery.js?body=1" for 127.0.0.1 at 2012-04-20 20:21:13 -0700
Served asset /jquery.js - 304 Not Modified (4ms)


Started GET "/assets/pages.css?body=1" for 127.0.0.1 at 2012-04-20 20:21:13 -0700
Served asset /pages.css - 304 Not Modified (1ms)


Started GET "/assets/pages.js?body=1" for 127.0.0.1 at 2012-04-20 20:21:13 -0700
Served asset /pages.js - 304 Not Modified (1ms)


Started GET "/assets/application.js?body=1" for 127.0.0.1 at 2012-04-20 20:21:13 -0700
Served asset /application.js - 304 Not Modified (4ms)


Started GET "/assets/jquery_ujs.js?body=1" for 127.0.0.1 at 2012-04-20 20:21:13 -0700
Served asset /jquery_ujs.js - 304 Not Modified (1ms)


Started POST "/pages/home" for 127.0.0.1 at 2012-04-20 20:21:21 -0700

ActionController::RoutingError (No route matches [POST] "/pages/home"):
  actionpack (3.2.3) lib/action_dispatch/middleware/debug_exceptions.rb:21:in `call'
  actionpack (3.2.3) lib/action_dispatch/middleware/show_exceptions.rb:56:in `call'
  railties (3.2.3) lib/rails/rack/logger.rb:26:in `call_app'
  railties (3.2.3) lib/rails/rack/logger.rb:16:in `call'
  actionpack (3.2.3) lib/action_dispatch/middleware/request_id.rb:22:in `call'
  rack (1.4.1) lib/rack/methodoverride.rb:21:in `call'
  rack (1.4.1) lib/rack/runtime.rb:17:in `call'
  activesupport (3.2.3) lib/active_support/cache/strategy/local_cache.rb:72:in `call'
  rack (1.4.1) lib/rack/lock.rb:15:in `call'
  actionpack (3.2.3) lib/action_dispatch/middleware/static.rb:62:in `call'
  railties (3.2.3) lib/rails/engine.rb:479:in `call'
  railties (3.2.3) lib/rails/application.rb:220:in `call'
  rack (1.4.1) lib/rack/content_length.rb:14:in `call'
  railties (3.2.3) lib/rails/rack/log_tailer.rb:14:in `call'
  rack (1.4.1) lib/rack/handler/webrick.rb:59:in `service'
  /Users/rebeccapoulson/.rvm/rubies/ruby-1.9.3-p194/lib/ruby/1.9.1/webrick/httpserver.rb:138:in `service'
  /Users/rebeccapoulson/.rvm/rubies/ruby-1.9.3-p194/lib/ruby/1.9.1/webrick/httpserver.rb:94:in `run'
  /Users/rebeccapoulson/.rvm/rubies/ruby-1.9.3-p194/lib/ruby/1.9.1/webrick/server.rb:191:in `block in start_thread'


  Rendered /Users/rebeccapoulson/.rvm/gems/ruby-1.9.3-p194/gems/actionpack-3.2.3/lib/action_dispatch/middleware/templates/rescues/routing_error.erb within rescues/layout (0.4ms)


Started GET "/pages/home" for 127.0.0.1 at 2012-04-20 20:21:31 -0700
Processing by PagesController#home as HTML
  [1m[35mVariable Load (0.3ms)[0m  SELECT `variables`.* FROM `variables` 
  Rendered pages/home.html.erb within layouts/application (1.6ms)
Completed 200 OK in 7ms (Views: 5.5ms | ActiveRecord: 0.3ms)


Started GET "/assets/pages.css?body=1" for 127.0.0.1 at 2012-04-20 20:21:31 -0700
Served asset /pages.css - 304 Not Modified (1ms)


Started GET "/assets/application.css?body=1" for 127.0.0.1 at 2012-04-20 20:21:31 -0700
Served asset /application.css - 304 Not Modified (1ms)


Started GET "/assets/jquery.js?body=1" for 127.0.0.1 at 2012-04-20 20:21:31 -0700
Served asset /jquery.js - 304 Not Modified (0ms)


Started GET "/assets/jquery_ujs.js?body=1" for 127.0.0.1 at 2012-04-20 20:21:31 -0700
Served asset /jquery_ujs.js - 304 Not Modified (0ms)


Started GET "/assets/application.js?body=1" for 127.0.0.1 at 2012-04-20 20:21:31 -0700
Served asset /application.js - 304 Not Modified (0ms)


Started GET "/assets/pages.js?body=1" for 127.0.0.1 at 2012-04-20 20:21:31 -0700
Served asset /pages.js - 304 Not Modified (0ms)


Started POST "/pages/home" for 127.0.0.1 at 2012-04-20 20:21:36 -0700

ActionController::RoutingError (No route matches [POST] "/pages/home"):
  actionpack (3.2.3) lib/action_dispatch/middleware/debug_exceptions.rb:21:in `call'
  actionpack (3.2.3) lib/action_dispatch/middleware/show_exceptions.rb:56:in `call'
  railties (3.2.3) lib/rails/rack/logger.rb:26:in `call_app'
  railties (3.2.3) lib/rails/rack/logger.rb:16:in `call'
  actionpack (3.2.3) lib/action_dispatch/middleware/request_id.rb:22:in `call'
  rack (1.4.1) lib/rack/methodoverride.rb:21:in `call'
  rack (1.4.1) lib/rack/runtime.rb:17:in `call'
  activesupport (3.2.3) lib/active_support/cache/strategy/local_cache.rb:72:in `call'
  rack (1.4.1) lib/rack/lock.rb:15:in `call'
  actionpack (3.2.3) lib/action_dispatch/middleware/static.rb:62:in `call'
  railties (3.2.3) lib/rails/engine.rb:479:in `call'
  railties (3.2.3) lib/rails/application.rb:220:in `call'
  rack (1.4.1) lib/rack/content_length.rb:14:in `call'
  railties (3.2.3) lib/rails/rack/log_tailer.rb:14:in `call'
  rack (1.4.1) lib/rack/handler/webrick.rb:59:in `service'
  /Users/rebeccapoulson/.rvm/rubies/ruby-1.9.3-p194/lib/ruby/1.9.1/webrick/httpserver.rb:138:in `service'
  /Users/rebeccapoulson/.rvm/rubies/ruby-1.9.3-p194/lib/ruby/1.9.1/webrick/httpserver.rb:94:in `run'
  /Users/rebeccapoulson/.rvm/rubies/ruby-1.9.3-p194/lib/ruby/1.9.1/webrick/server.rb:191:in `block in start_thread'


  Rendered /Users/rebeccapoulson/.rvm/gems/ruby-1.9.3-p194/gems/actionpack-3.2.3/lib/action_dispatch/middleware/templates/rescues/routing_error.erb within rescues/layout (0.5ms)


Started POST "/pages/home" for 127.0.0.1 at 2012-04-20 20:25:11 -0700
Processing by PagesController#home as HTML
  Parameters: {"utf8"=>"✓", "authenticity_token"=>"cDcnksjJt8HDDLxGaBf9kgMpQ9E2uyhqnqc11TqHC7U=", "var"=>{"name"=>"ad", "value"=>"dsf"}, "commit"=>"Create my variable"}
  [1m[36mVariable Load (0.2ms)[0m  [1mSELECT `variables`.* FROM `variables` [0m
  Rendered pages/home.html.erb within layouts/application (7.6ms)
Completed 200 OK in 83ms (Views: 41.7ms | ActiveRecord: 2.9ms)


Started GET "/assets/jquery.js?body=1" for 127.0.0.1 at 2012-04-20 20:25:12 -0700
Served asset /jquery.js - 304 Not Modified (2ms)


Started GET "/assets/pages.css?body=1" for 127.0.0.1 at 2012-04-20 20:25:12 -0700
Served asset /pages.css - 304 Not Modified (1ms)


Started GET "/assets/jquery_ujs.js?body=1" for 127.0.0.1 at 2012-04-20 20:25:12 -0700
Served asset /jquery_ujs.js - 304 Not Modified (1ms)


Started GET "/assets/pages.js?body=1" for 127.0.0.1 at 2012-04-20 20:25:12 -0700
Served asset /pages.js - 304 Not Modified (1ms)


Started GET "/assets/application.css?body=1" for 127.0.0.1 at 2012-04-20 20:25:12 -0700
Served asset /application.css - 304 Not Modified (3ms)


Started GET "/assets/application.js?body=1" for 127.0.0.1 at 2012-04-20 20:25:12 -0700
Served asset /application.js - 304 Not Modified (3ms)


Started POST "/pages/home" for 127.0.0.1 at 2012-04-20 20:25:15 -0700
Processing by PagesController#home as HTML
  Parameters: {"utf8"=>"✓", "authenticity_token"=>"cDcnksjJt8HDDLxGaBf9kgMpQ9E2uyhqnqc11TqHC7U=", "var"=>{"name"=>"asd", "value"=>"sd"}, "commit"=>"Create my variable"}
  [1m[35mVariable Load (0.3ms)[0m  SELECT `variables`.* FROM `variables` 
  Rendered pages/home.html.erb within layouts/application (1.4ms)
Completed 200 OK in 6ms (Views: 5.0ms | ActiveRecord: 0.3ms)


Started GET "/assets/application.css?body=1" for 127.0.0.1 at 2012-04-20 20:25:15 -0700
Served asset /application.css - 304 Not Modified (0ms)


Started GET "/assets/jquery_ujs.js?body=1" for 127.0.0.1 at 2012-04-20 20:25:15 -0700
Served asset /jquery_ujs.js - 304 Not Modified (0ms)


Started GET "/assets/pages.css?body=1" for 127.0.0.1 at 2012-04-20 20:25:15 -0700
Served asset /pages.css - 304 Not Modified (0ms)


Started GET "/assets/jquery.js?body=1" for 127.0.0.1 at 2012-04-20 20:25:15 -0700
Served asset /jquery.js - 304 Not Modified (0ms)


Started GET "/assets/application.js?body=1" for 127.0.0.1 at 2012-04-20 20:25:15 -0700
Served asset /application.js - 304 Not Modified (0ms)


Started GET "/assets/pages.js?body=1" for 127.0.0.1 at 2012-04-20 20:25:15 -0700
Served asset /pages.js - 304 Not Modified (0ms)


Started POST "/pages/home" for 127.0.0.1 at 2012-04-20 20:25:26 -0700
Processing by PagesController#home as HTML
  Parameters: {"utf8"=>"✓", "authenticity_token"=>"cDcnksjJt8HDDLxGaBf9kgMpQ9E2uyhqnqc11TqHC7U=", "var"=>{"name"=>"lk", "value"=>"sd"}, "commit"=>"Create my variable"}
  [1m[36mVariable Load (0.2ms)[0m  [1mSELECT `variables`.* FROM `variables` [0m
  Rendered pages/home.html.erb within layouts/application (1.2ms)
Completed 200 OK in 6ms (Views: 4.9ms | ActiveRecord: 0.2ms)


Started GET "/assets/application.css?body=1" for 127.0.0.1 at 2012-04-20 20:25:26 -0700
Served asset /application.css - 304 Not Modified (0ms)


Started GET "/assets/pages.css?body=1" for 127.0.0.1 at 2012-04-20 20:25:26 -0700
Served asset /pages.css - 304 Not Modified (1ms)


Started GET "/assets/jquery_ujs.js?body=1" for 127.0.0.1 at 2012-04-20 20:25:26 -0700
Served asset /jquery_ujs.js - 304 Not Modified (0ms)


Started GET "/assets/jquery.js?body=1" for 127.0.0.1 at 2012-04-20 20:25:26 -0700
Served asset /jquery.js - 304 Not Modified (0ms)


Started GET "/assets/application.js?body=1" for 127.0.0.1 at 2012-04-20 20:25:26 -0700
Served asset /application.js - 304 Not Modified (0ms)


Started GET "/assets/pages.js?body=1" for 127.0.0.1 at 2012-04-20 20:25:26 -0700
Served asset /pages.js - 304 Not Modified (0ms)


Started POST "/pages/home" for 127.0.0.1 at 2012-04-20 20:28:18 -0700
Processing by PagesController#home as HTML
  Parameters: {"utf8"=>"✓", "authenticity_token"=>"cDcnksjJt8HDDLxGaBf9kgMpQ9E2uyhqnqc11TqHC7U=", "var"=>{"name"=>"lk", "value"=>"sd"}, "commit"=>"Create my variable"}
  [1m[36mVariable Load (0.4ms)[0m  [1mSELECT `variables`.* FROM `variables` [0m
  Rendered pages/home.html.erb within layouts/application (8.0ms)
Completed 200 OK in 118ms (Views: 40.2ms | ActiveRecord: 36.1ms)


Started GET "/assets/application.css?body=1" for 127.0.0.1 at 2012-04-20 20:28:19 -0700
Served asset /application.css - 304 Not Modified (3ms)


Started GET "/assets/jquery.js?body=1" for 127.0.0.1 at 2012-04-20 20:28:19 -0700
Served asset /jquery.js - 304 Not Modified (1ms)


Started GET "/assets/application.js?body=1" for 127.0.0.1 at 2012-04-20 20:28:19 -0700
Served asset /application.js - 304 Not Modified (3ms)


Started GET "/assets/pages.js?body=1" for 127.0.0.1 at 2012-04-20 20:28:19 -0700
Served asset /pages.js - 304 Not Modified (1ms)


Started GET "/assets/pages.css?body=1" for 127.0.0.1 at 2012-04-20 20:28:19 -0700
Served asset /pages.css - 304 Not Modified (1ms)


Started GET "/assets/jquery_ujs.js?body=1" for 127.0.0.1 at 2012-04-20 20:28:19 -0700
Served asset /jquery_ujs.js - 304 Not Modified (2ms)


Started POST "/pages/home" for 127.0.0.1 at 2012-04-20 20:28:21 -0700
Processing by PagesController#home as HTML
  Parameters: {"utf8"=>"✓", "authenticity_token"=>"cDcnksjJt8HDDLxGaBf9kgMpQ9E2uyhqnqc11TqHC7U=", "var"=>{"name"=>"lk", "value"=>"sd"}, "commit"=>"Create my variable"}
  [1m[35mVariable Load (0.4ms)[0m  SELECT `variables`.* FROM `variables` 
  Rendered pages/home.html.erb within layouts/application (2.1ms)
Completed 200 OK in 9ms (Views: 7.7ms | ActiveRecord: 0.4ms)


Started GET "/assets/application.css?body=1" for 127.0.0.1 at 2012-04-20 20:28:21 -0700
Served asset /application.css - 304 Not Modified (0ms)


Started GET "/assets/pages.css?body=1" for 127.0.0.1 at 2012-04-20 20:28:21 -0700
Served asset /pages.css - 304 Not Modified (2ms)


Started GET "/assets/jquery.js?body=1" for 127.0.0.1 at 2012-04-20 20:28:21 -0700
Served asset /jquery.js - 304 Not Modified (0ms)


Started GET "/assets/jquery_ujs.js?body=1" for 127.0.0.1 at 2012-04-20 20:28:21 -0700
Served asset /jquery_ujs.js - 304 Not Modified (0ms)


Started GET "/assets/pages.js?body=1" for 127.0.0.1 at 2012-04-20 20:28:21 -0700
Served asset /pages.js - 304 Not Modified (0ms)


Started GET "/assets/application.js?body=1" for 127.0.0.1 at 2012-04-20 20:28:21 -0700
Served asset /application.js - 304 Not Modified (0ms)


Started POST "/pages/home" for 127.0.0.1 at 2012-04-20 20:28:22 -0700
Processing by PagesController#home as HTML
  Parameters: {"utf8"=>"✓", "authenticity_token"=>"cDcnksjJt8HDDLxGaBf9kgMpQ9E2uyhqnqc11TqHC7U=", "var"=>{"name"=>"lk", "value"=>"sd"}, "commit"=>"Create my variable"}
  [1m[36mVariable Load (0.3ms)[0m  [1mSELECT `variables`.* FROM `variables` [0m
  Rendered pages/home.html.erb within layouts/application (1.6ms)
Completed 200 OK in 7ms (Views: 6.0ms | ActiveRecord: 0.3ms)


Started GET "/assets/application.css?body=1" for 127.0.0.1 at 2012-04-20 20:28:22 -0700
Served asset /application.css - 304 Not Modified (0ms)


Started GET "/assets/pages.css?body=1" for 127.0.0.1 at 2012-04-20 20:28:22 -0700
Served asset /pages.css - 304 Not Modified (0ms)


Started GET "/assets/jquery.js?body=1" for 127.0.0.1 at 2012-04-20 20:28:22 -0700
Served asset /jquery.js - 304 Not Modified (0ms)


Started GET "/assets/application.js?body=1" for 127.0.0.1 at 2012-04-20 20:28:22 -0700
Served asset /application.js - 304 Not Modified (0ms)


Started GET "/assets/pages.js?body=1" for 127.0.0.1 at 2012-04-20 20:28:22 -0700
Served asset /pages.js - 304 Not Modified (0ms)


Started GET "/assets/jquery_ujs.js?body=1" for 127.0.0.1 at 2012-04-20 20:28:22 -0700
Served asset /jquery_ujs.js - 304 Not Modified (0ms)


Started POST "/pages/home" for 127.0.0.1 at 2012-04-20 20:31:13 -0700
Processing by PagesController#home as HTML
  Parameters: {"utf8"=>"✓", "authenticity_token"=>"cDcnksjJt8HDDLxGaBf9kgMpQ9E2uyhqnqc11TqHC7U=", "var"=>{"name"=>"lk", "value"=>"sd"}, "commit"=>"Create my variable"}
  [1m[36mVariable Load (0.2ms)[0m  [1mSELECT `variables`.* FROM `variables` [0m
  Rendered pages/home.html.erb within layouts/application (7.8ms)
Completed 200 OK in 87ms (Views: 47.6ms | ActiveRecord: 3.1ms)


Started GET "/assets/application.css?body=1" for 127.0.0.1 at 2012-04-20 20:31:14 -0700
Served asset /application.css - 304 Not Modified (2ms)


Started GET "/assets/jquery_ujs.js?body=1" for 127.0.0.1 at 2012-04-20 20:31:14 -0700
Served asset /jquery_ujs.js - 304 Not Modified (1ms)


Started GET "/assets/pages.css?body=1" for 127.0.0.1 at 2012-04-20 20:31:14 -0700
Served asset /pages.css - 304 Not Modified (1ms)


Started GET "/assets/application.js?body=1" for 127.0.0.1 at 2012-04-20 20:31:14 -0700
Served asset /application.js - 304 Not Modified (3ms)


Started GET "/assets/pages.js?body=1" for 127.0.0.1 at 2012-04-20 20:31:14 -0700
Served asset /pages.js - 304 Not Modified (1ms)


Started GET "/assets/jquery.js?body=1" for 127.0.0.1 at 2012-04-20 20:31:14 -0700
Served asset /jquery.js - 304 Not Modified (1ms)


Started POST "/pages/home" for 127.0.0.1 at 2012-04-20 20:31:17 -0700
Processing by PagesController#home as HTML
  Parameters: {"utf8"=>"✓", "authenticity_token"=>"cDcnksjJt8HDDLxGaBf9kgMpQ9E2uyhqnqc11TqHC7U=", "var"=>{"name"=>"sdf", "value"=>"df"}, "commit"=>"Create my variable"}
  [1m[35mVariable Load (0.2ms)[0m  SELECT `variables`.* FROM `variables` 
  Rendered pages/home.html.erb within layouts/application (1.4ms)
Completed 200 OK in 7ms (Views: 6.1ms | ActiveRecord: 0.2ms)


Started GET "/assets/application.css?body=1" for 127.0.0.1 at 2012-04-20 20:31:17 -0700
Served asset /application.css - 304 Not Modified (0ms)


Started GET "/assets/pages.css?body=1" for 127.0.0.1 at 2012-04-20 20:31:17 -0700
Served asset /pages.css - 304 Not Modified (0ms)


Started GET "/assets/jquery.js?body=1" for 127.0.0.1 at 2012-04-20 20:31:17 -0700
Served asset /jquery.js - 304 Not Modified (0ms)


Started GET "/assets/jquery_ujs.js?body=1" for 127.0.0.1 at 2012-04-20 20:31:17 -0700
Served asset /jquery_ujs.js - 304 Not Modified (0ms)


Started GET "/assets/pages.js?body=1" for 127.0.0.1 at 2012-04-20 20:31:17 -0700
Served asset /pages.js - 304 Not Modified (0ms)


Started GET "/assets/application.js?body=1" for 127.0.0.1 at 2012-04-20 20:31:17 -0700
Served asset /application.js - 304 Not Modified (0ms)


Started POST "/pages/home" for 127.0.0.1 at 2012-04-20 20:33:09 -0700
Processing by PagesController#home as HTML
  Parameters: {"utf8"=>"✓", "authenticity_token"=>"cDcnksjJt8HDDLxGaBf9kgMpQ9E2uyhqnqc11TqHC7U=", "var"=>{"name"=>"sdf", "value"=>"df"}, "commit"=>"Create my variable"}
  [1m[36mVariable Load (0.1ms)[0m  [1mSELECT `variables`.* FROM `variables` [0m
  [1m[35m (0.1ms)[0m  BEGIN
  [1m[36mSQL (0.3ms)[0m  [1mINSERT INTO `variables` (`created_at`, `name`, `updated_at`, `value`) VALUES ('2012-04-21 03:33:09', NULL, '2012-04-21 03:33:09', NULL)[0m
  [1m[35m (0.4ms)[0m  COMMIT
  Rendered pages/home.html.erb within layouts/application (21.9ms)
Completed 200 OK in 88ms (Views: 40.1ms | ActiveRecord: 3.7ms)


Started GET "/assets/application.css?body=1" for 127.0.0.1 at 2012-04-20 20:33:09 -0700
Served asset /application.css - 304 Not Modified (4ms)


Started GET "/assets/jquery_ujs.js?body=1" for 127.0.0.1 at 2012-04-20 20:33:09 -0700
Served asset /jquery_ujs.js - 304 Not Modified (1ms)


Started GET "/assets/pages.css?body=1" for 127.0.0.1 at 2012-04-20 20:33:09 -0700
Served asset /pages.css - 304 Not Modified (1ms)


Started GET "/assets/pages.js?body=1" for 127.0.0.1 at 2012-04-20 20:33:09 -0700
Served asset /pages.js - 304 Not Modified (1ms)


Started GET "/assets/application.js?body=1" for 127.0.0.1 at 2012-04-20 20:33:09 -0700
Served asset /application.js - 304 Not Modified (4ms)


Started GET "/assets/jquery.js?body=1" for 127.0.0.1 at 2012-04-20 20:33:09 -0700
Served asset /jquery.js - 304 Not Modified (1ms)


Started POST "/pages/home" for 127.0.0.1 at 2012-04-20 20:33:13 -0700
Processing by PagesController#home as HTML
  Parameters: {"utf8"=>"✓", "authenticity_token"=>"cDcnksjJt8HDDLxGaBf9kgMpQ9E2uyhqnqc11TqHC7U=", "var"=>{"name"=>"asdf", "value"=>"asdf"}, "commit"=>"Create my variable"}
  [1m[36mVariable Load (0.3ms)[0m  [1mSELECT `variables`.* FROM `variables` [0m
  [1m[35m (0.1ms)[0m  BEGIN
  [1m[36mSQL (0.2ms)[0m  [1mINSERT INTO `variables` (`created_at`, `name`, `updated_at`, `value`) VALUES ('2012-04-21 03:33:13', NULL, '2012-04-21 03:33:13', NULL)[0m
  [1m[35m (23.0ms)[0m  COMMIT
  Rendered pages/home.html.erb within layouts/application (2.4ms)
Completed 200 OK in 34ms (Views: 8.6ms | ActiveRecord: 23.6ms)


Started GET "/assets/application.css?body=1" for 127.0.0.1 at 2012-04-20 20:33:13 -0700
Served asset /application.css - 304 Not Modified (0ms)


Started GET "/assets/jquery_ujs.js?body=1" for 127.0.0.1 at 2012-04-20 20:33:13 -0700
Served asset /jquery_ujs.js - 304 Not Modified (0ms)


Started GET "/assets/jquery.js?body=1" for 127.0.0.1 at 2012-04-20 20:33:13 -0700
Served asset /jquery.js - 304 Not Modified (0ms)


Started GET "/assets/pages.css?body=1" for 127.0.0.1 at 2012-04-20 20:33:13 -0700
Served asset /pages.css - 304 Not Modified (0ms)


Started GET "/assets/pages.js?body=1" for 127.0.0.1 at 2012-04-20 20:33:13 -0700
Served asset /pages.js - 304 Not Modified (0ms)


Started GET "/assets/application.js?body=1" for 127.0.0.1 at 2012-04-20 20:33:13 -0700
Served asset /application.js - 304 Not Modified (0ms)


Started POST "/pages/home" for 127.0.0.1 at 2012-04-20 20:33:27 -0700
Processing by PagesController#home as HTML
  Parameters: {"utf8"=>"✓", "authenticity_token"=>"cDcnksjJt8HDDLxGaBf9kgMpQ9E2uyhqnqc11TqHC7U=", "var"=>{"name"=>"sdf", "value"=>"sdf"}, "commit"=>"Create my variable"}
  [1m[36mVariable Load (0.2ms)[0m  [1mSELECT `variables`.* FROM `variables` [0m
  [1m[35m (0.1ms)[0m  BEGIN
  [1m[36mSQL (0.2ms)[0m  [1mINSERT INTO `variables` (`created_at`, `name`, `updated_at`, `value`) VALUES ('2012-04-21 03:33:27', NULL, '2012-04-21 03:33:27', NULL)[0m
  [1m[35m (0.2ms)[0m  COMMIT
  Rendered pages/home.html.erb within layouts/application (1.2ms)
Completed 200 OK in 7ms (Views: 4.8ms | ActiveRecord: 0.7ms)


Started GET "/assets/application.css?body=1" for 127.0.0.1 at 2012-04-20 20:33:27 -0700
Served asset /application.css - 304 Not Modified (0ms)


Started GET "/assets/jquery_ujs.js?body=1" for 127.0.0.1 at 2012-04-20 20:33:27 -0700
Served asset /jquery_ujs.js - 304 Not Modified (0ms)


Started GET "/assets/application.js?body=1" for 127.0.0.1 at 2012-04-20 20:33:27 -0700
Served asset /application.js - 304 Not Modified (0ms)


Started GET "/assets/jquery.js?body=1" for 127.0.0.1 at 2012-04-20 20:33:27 -0700
Served asset /jquery.js - 304 Not Modified (0ms)


Started GET "/assets/pages.css?body=1" for 127.0.0.1 at 2012-04-20 20:33:27 -0700
Served asset /pages.css - 304 Not Modified (0ms)


Started GET "/assets/pages.js?body=1" for 127.0.0.1 at 2012-04-20 20:33:27 -0700
Served asset /pages.js - 304 Not Modified (0ms)


Started POST "/pages/home" for 127.0.0.1 at 2012-04-20 20:34:21 -0700
Processing by PagesController#home as HTML
  Parameters: {"utf8"=>"✓", "authenticity_token"=>"cDcnksjJt8HDDLxGaBf9kgMpQ9E2uyhqnqc11TqHC7U=", "var"=>{"name"=>"sdf", "value"=>"sdf"}, "commit"=>"Create my variable"}
  [1m[36mVariable Load (0.3ms)[0m  [1mSELECT `variables`.* FROM `variables` [0m
  [1m[35m (0.1ms)[0m  BEGIN
  [1m[36mSQL (0.4ms)[0m  [1mINSERT INTO `variables` (`created_at`, `name`, `updated_at`, `value`) VALUES ('2012-04-21 03:34:21', 'sdf', '2012-04-21 03:34:21', 'sdf')[0m
  [1m[35m (0.5ms)[0m  COMMIT
  Rendered pages/home.html.erb within layouts/application (2.1ms)
Completed 200 OK in 47ms (Views: 6.6ms | ActiveRecord: 26.1ms)


Started GET "/assets/application.css?body=1" for 127.0.0.1 at 2012-04-20 20:34:21 -0700
Served asset /application.css - 304 Not Modified (1ms)


Started GET "/assets/jquery.js?body=1" for 127.0.0.1 at 2012-04-20 20:34:21 -0700
Served asset /jquery.js - 304 Not Modified (0ms)


Started GET "/assets/pages.js?body=1" for 127.0.0.1 at 2012-04-20 20:34:21 -0700
Served asset /pages.js - 304 Not Modified (0ms)


Started GET "/assets/jquery_ujs.js?body=1" for 127.0.0.1 at 2012-04-20 20:34:21 -0700
Served asset /jquery_ujs.js - 304 Not Modified (0ms)


Started GET "/assets/application.js?body=1" for 127.0.0.1 at 2012-04-20 20:34:21 -0700
Served asset /application.js - 304 Not Modified (0ms)


Started GET "/assets/pages.css?body=1" for 127.0.0.1 at 2012-04-20 20:34:21 -0700
Served asset /pages.css - 304 Not Modified (0ms)


Started POST "/pages/home" for 127.0.0.1 at 2012-04-20 20:34:24 -0700
Processing by PagesController#home as HTML
  Parameters: {"utf8"=>"✓", "authenticity_token"=>"cDcnksjJt8HDDLxGaBf9kgMpQ9E2uyhqnqc11TqHC7U=", "var"=>{"name"=>"sdf", "value"=>"sdf"}, "commit"=>"Create my variable"}
  [1m[36mVariable Load (0.4ms)[0m  [1mSELECT `variables`.* FROM `variables` [0m
  [1m[35m (0.1ms)[0m  BEGIN
  [1m[36mSQL (0.2ms)[0m  [1mINSERT INTO `variables` (`created_at`, `name`, `updated_at`, `value`) VALUES ('2012-04-21 03:34:24', 'sdf', '2012-04-21 03:34:24', 'sdf')[0m
  [1m[35m (0.5ms)[0m  COMMIT
  Rendered pages/home.html.erb within layouts/application (1.5ms)
Completed 200 OK in 8ms (Views: 5.4ms | ActiveRecord: 1.1ms)


Started GET "/assets/application.css?body=1" for 127.0.0.1 at 2012-04-20 20:34:24 -0700
Served asset /application.css - 304 Not Modified (1ms)


Started GET "/assets/pages.css?body=1" for 127.0.0.1 at 2012-04-20 20:34:24 -0700
Served asset /pages.css - 304 Not Modified (2ms)


Started GET "/assets/jquery.js?body=1" for 127.0.0.1 at 2012-04-20 20:34:24 -0700
Served asset /jquery.js - 304 Not Modified (0ms)


Started GET "/assets/jquery_ujs.js?body=1" for 127.0.0.1 at 2012-04-20 20:34:24 -0700
Served asset /jquery_ujs.js - 304 Not Modified (0ms)


Started GET "/assets/pages.js?body=1" for 127.0.0.1 at 2012-04-20 20:34:24 -0700
Served asset /pages.js - 304 Not Modified (0ms)


Started GET "/assets/application.js?body=1" for 127.0.0.1 at 2012-04-20 20:34:24 -0700
Served asset /application.js - 304 Not Modified (0ms)


Started POST "/pages/home" for 127.0.0.1 at 2012-04-20 20:34:25 -0700
Processing by PagesController#home as HTML
  Parameters: {"utf8"=>"✓", "authenticity_token"=>"cDcnksjJt8HDDLxGaBf9kgMpQ9E2uyhqnqc11TqHC7U=", "var"=>{"name"=>"sdf", "value"=>"sdf"}, "commit"=>"Create my variable"}
  [1m[36mVariable Load (0.3ms)[0m  [1mSELECT `variables`.* FROM `variables` [0m
  [1m[35m (0.1ms)[0m  BEGIN
  [1m[36mSQL (0.2ms)[0m  [1mINSERT INTO `variables` (`created_at`, `name`, `updated_at`, `value`) VALUES ('2012-04-21 03:34:25', 'sdf', '2012-04-21 03:34:25', 'sdf')[0m
  [1m[35m (0.3ms)[0m  COMMIT
  Rendered pages/home.html.erb within layouts/application (1.3ms)
Completed 200 OK in 7ms (Views: 4.8ms | ActiveRecord: 0.8ms)


Started GET "/assets/application.css?body=1" for 127.0.0.1 at 2012-04-20 20:34:25 -0700
Served asset /application.css - 304 Not Modified (0ms)


Started GET "/assets/pages.css?body=1" for 127.0.0.1 at 2012-04-20 20:34:25 -0700
Served asset /pages.css - 304 Not Modified (0ms)


Started GET "/assets/jquery_ujs.js?body=1" for 127.0.0.1 at 2012-04-20 20:34:25 -0700
Served asset /jquery_ujs.js - 304 Not Modified (0ms)


Started GET "/assets/jquery.js?body=1" for 127.0.0.1 at 2012-04-20 20:34:25 -0700
Served asset /jquery.js - 304 Not Modified (0ms)


Started GET "/assets/application.js?body=1" for 127.0.0.1 at 2012-04-20 20:34:25 -0700
Served asset /application.js - 304 Not Modified (0ms)


Started GET "/assets/pages.js?body=1" for 127.0.0.1 at 2012-04-20 20:34:25 -0700
Served asset /pages.js - 304 Not Modified (0ms)


Started GET "/assets/rails.png" for 127.0.0.1 at 2012-04-22 15:07:10 -0700

Mysql2::Error (Can't connect to local MySQL server through socket '/tmp/mysql.sock' (2)):
  mysql2 (0.3.11) lib/mysql2/client.rb:44:in `connect'
  mysql2 (0.3.11) lib/mysql2/client.rb:44:in `initialize'
  activerecord (3.2.3) lib/active_record/connection_adapters/mysql2_adapter.rb:16:in `new'
  activerecord (3.2.3) lib/active_record/connection_adapters/mysql2_adapter.rb:16:in `mysql2_connection'
  activerecord (3.2.3) lib/active_record/connection_adapters/abstract/connection_pool.rb:303:in `new_connection'
  activerecord (3.2.3) lib/active_record/connection_adapters/abstract/connection_pool.rb:313:in `checkout_new_connection'
  activerecord (3.2.3) lib/active_record/connection_adapters/abstract/connection_pool.rb:237:in `block (2 levels) in checkout'
  activerecord (3.2.3) lib/active_record/connection_adapters/abstract/connection_pool.rb:232:in `loop'
  activerecord (3.2.3) lib/active_record/connection_adapters/abstract/connection_pool.rb:232:in `block in checkout'
  /Users/rebeccapoulson/.rvm/rubies/ruby-1.9.3-p194/lib/ruby/1.9.1/monitor.rb:211:in `mon_synchronize'
  activerecord (3.2.3) lib/active_record/connection_adapters/abstract/connection_pool.rb:229:in `checkout'
  activerecord (3.2.3) lib/active_record/connection_adapters/abstract/connection_pool.rb:95:in `connection'
  activerecord (3.2.3) lib/active_record/connection_adapters/abstract/connection_pool.rb:398:in `retrieve_connection'
  activerecord (3.2.3) lib/active_record/connection_adapters/abstract/connection_specification.rb:168:in `retrieve_connection'
  activerecord (3.2.3) lib/active_record/connection_adapters/abstract/connection_specification.rb:142:in `connection'
  activerecord (3.2.3) lib/active_record/query_cache.rb:67:in `rescue in call'
  activerecord (3.2.3) lib/active_record/query_cache.rb:61:in `call'
  activerecord (3.2.3) lib/active_record/connection_adapters/abstract/connection_pool.rb:467:in `call'
  actionpack (3.2.3) lib/action_dispatch/middleware/callbacks.rb:28:in `block in call'
  activesupport (3.2.3) lib/active_support/callbacks.rb:405:in `_run__2933601532314379154__call__1586222042957030242__callbacks'
  activesupport (3.2.3) lib/active_support/callbacks.rb:405:in `__run_callback'
  activesupport (3.2.3) lib/active_support/callbacks.rb:385:in `_run_call_callbacks'
  activesupport (3.2.3) lib/active_support/callbacks.rb:81:in `run_callbacks'
  actionpack (3.2.3) lib/action_dispatch/middleware/callbacks.rb:27:in `call'
  actionpack (3.2.3) lib/action_dispatch/middleware/reloader.rb:65:in `call'
  actionpack (3.2.3) lib/action_dispatch/middleware/remote_ip.rb:31:in `call'
  actionpack (3.2.3) lib/action_dispatch/middleware/debug_exceptions.rb:16:in `call'
  actionpack (3.2.3) lib/action_dispatch/middleware/show_exceptions.rb:56:in `call'
  railties (3.2.3) lib/rails/rack/logger.rb:26:in `call_app'
  railties (3.2.3) lib/rails/rack/logger.rb:16:in `call'
  actionpack (3.2.3) lib/action_dispatch/middleware/request_id.rb:22:in `call'
  rack (1.4.1) lib/rack/methodoverride.rb:21:in `call'
  rack (1.4.1) lib/rack/runtime.rb:17:in `call'
  activesupport (3.2.3) lib/active_support/cache/strategy/local_cache.rb:72:in `call'
  rack (1.4.1) lib/rack/lock.rb:15:in `call'
  actionpack (3.2.3) lib/action_dispatch/middleware/static.rb:62:in `call'
  railties (3.2.3) lib/rails/engine.rb:479:in `call'
  railties (3.2.3) lib/rails/application.rb:220:in `call'
  rack (1.4.1) lib/rack/content_length.rb:14:in `call'
  railties (3.2.3) lib/rails/rack/log_tailer.rb:14:in `call'
  rack (1.4.1) lib/rack/handler/webrick.rb:59:in `service'
  /Users/rebeccapoulson/.rvm/rubies/ruby-1.9.3-p194/lib/ruby/1.9.1/webrick/httpserver.rb:138:in `service'
  /Users/rebeccapoulson/.rvm/rubies/ruby-1.9.3-p194/lib/ruby/1.9.1/webrick/httpserver.rb:94:in `run'
  /Users/rebeccapoulson/.rvm/rubies/ruby-1.9.3-p194/lib/ruby/1.9.1/webrick/server.rb:191:in `block in start_thread'


  Rendered /Users/rebeccapoulson/.rvm/gems/ruby-1.9.3-p194/gems/actionpack-3.2.3/lib/action_dispatch/middleware/templates/rescues/_trace.erb (1.7ms)
  Rendered /Users/rebeccapoulson/.rvm/gems/ruby-1.9.3-p194/gems/actionpack-3.2.3/lib/action_dispatch/middleware/templates/rescues/_request_and_response.erb (6.7ms)
  Rendered /Users/rebeccapoulson/.rvm/gems/ruby-1.9.3-p194/gems/actionpack-3.2.3/lib/action_dispatch/middleware/templates/rescues/diagnostics.erb within rescues/layout (20.9ms)


Started GET "/pages/home" for 127.0.0.1 at 2012-04-22 15:07:16 -0700

Mysql2::Error (Can't connect to local MySQL server through socket '/tmp/mysql.sock' (2)):
  mysql2 (0.3.11) lib/mysql2/client.rb:44:in `connect'
  mysql2 (0.3.11) lib/mysql2/client.rb:44:in `initialize'
  activerecord (3.2.3) lib/active_record/connection_adapters/mysql2_adapter.rb:16:in `new'
  activerecord (3.2.3) lib/active_record/connection_adapters/mysql2_adapter.rb:16:in `mysql2_connection'
  activerecord (3.2.3) lib/active_record/connection_adapters/abstract/connection_pool.rb:303:in `new_connection'
  activerecord (3.2.3) lib/active_record/connection_adapters/abstract/connection_pool.rb:313:in `checkout_new_connection'
  activerecord (3.2.3) lib/active_record/connection_adapters/abstract/connection_pool.rb:237:in `block (2 levels) in checkout'
  activerecord (3.2.3) lib/active_record/connection_adapters/abstract/connection_pool.rb:232:in `loop'
  activerecord (3.2.3) lib/active_record/connection_adapters/abstract/connection_pool.rb:232:in `block in checkout'
  /Users/rebeccapoulson/.rvm/rubies/ruby-1.9.3-p194/lib/ruby/1.9.1/monitor.rb:211:in `mon_synchronize'
  activerecord (3.2.3) lib/active_record/connection_adapters/abstract/connection_pool.rb:229:in `checkout'
  activerecord (3.2.3) lib/active_record/connection_adapters/abstract/connection_pool.rb:95:in `connection'
  activerecord (3.2.3) lib/active_record/connection_adapters/abstract/connection_pool.rb:398:in `retrieve_connection'
  activerecord (3.2.3) lib/active_record/connection_adapters/abstract/connection_specification.rb:168:in `retrieve_connection'
  activerecord (3.2.3) lib/active_record/connection_adapters/abstract/connection_specification.rb:142:in `connection'
  activerecord (3.2.3) lib/active_record/query_cache.rb:67:in `rescue in call'
  activerecord (3.2.3) lib/active_record/query_cache.rb:61:in `call'
  activerecord (3.2.3) lib/active_record/connection_adapters/abstract/connection_pool.rb:467:in `call'
  actionpack (3.2.3) lib/action_dispatch/middleware/callbacks.rb:28:in `block in call'
  activesupport (3.2.3) lib/active_support/callbacks.rb:405:in `_run__2933601532314379154__call__1586222042957030242__callbacks'
  activesupport (3.2.3) lib/active_support/callbacks.rb:405:in `__run_callback'
  activesupport (3.2.3) lib/active_support/callbacks.rb:385:in `_run_call_callbacks'
  activesupport (3.2.3) lib/active_support/callbacks.rb:81:in `run_callbacks'
  actionpack (3.2.3) lib/action_dispatch/middleware/callbacks.rb:27:in `call'
  actionpack (3.2.3) lib/action_dispatch/middleware/reloader.rb:65:in `call'
  actionpack (3.2.3) lib/action_dispatch/middleware/remote_ip.rb:31:in `call'
  actionpack (3.2.3) lib/action_dispatch/middleware/debug_exceptions.rb:16:in `call'
  actionpack (3.2.3) lib/action_dispatch/middleware/show_exceptions.rb:56:in `call'
  railties (3.2.3) lib/rails/rack/logger.rb:26:in `call_app'
  railties (3.2.3) lib/rails/rack/logger.rb:16:in `call'
  actionpack (3.2.3) lib/action_dispatch/middleware/request_id.rb:22:in `call'
  rack (1.4.1) lib/rack/methodoverride.rb:21:in `call'
  rack (1.4.1) lib/rack/runtime.rb:17:in `call'
  activesupport (3.2.3) lib/active_support/cache/strategy/local_cache.rb:72:in `call'
  rack (1.4.1) lib/rack/lock.rb:15:in `call'
  actionpack (3.2.3) lib/action_dispatch/middleware/static.rb:62:in `call'
  railties (3.2.3) lib/rails/engine.rb:479:in `call'
  railties (3.2.3) lib/rails/application.rb:220:in `call'
  rack (1.4.1) lib/rack/content_length.rb:14:in `call'
  railties (3.2.3) lib/rails/rack/log_tailer.rb:14:in `call'
  rack (1.4.1) lib/rack/handler/webrick.rb:59:in `service'
  /Users/rebeccapoulson/.rvm/rubies/ruby-1.9.3-p194/lib/ruby/1.9.1/webrick/httpserver.rb:138:in `service'
  /Users/rebeccapoulson/.rvm/rubies/ruby-1.9.3-p194/lib/ruby/1.9.1/webrick/httpserver.rb:94:in `run'
  /Users/rebeccapoulson/.rvm/rubies/ruby-1.9.3-p194/lib/ruby/1.9.1/webrick/server.rb:191:in `block in start_thread'


  Rendered /Users/rebeccapoulson/.rvm/gems/ruby-1.9.3-p194/gems/actionpack-3.2.3/lib/action_dispatch/middleware/templates/rescues/_trace.erb (1.7ms)
  Rendered /Users/rebeccapoulson/.rvm/gems/ruby-1.9.3-p194/gems/actionpack-3.2.3/lib/action_dispatch/middleware/templates/rescues/_request_and_response.erb (0.7ms)
  Rendered /Users/rebeccapoulson/.rvm/gems/ruby-1.9.3-p194/gems/actionpack-3.2.3/lib/action_dispatch/middleware/templates/rescues/diagnostics.erb within rescues/layout (7.4ms)


Started GET "/pages/home" for 127.0.0.1 at 2012-04-22 15:07:40 -0700
Processing by PagesController#home as HTML
  [1m[36mVariable Load (0.2ms)[0m  [1mSELECT `variables`.* FROM `variables` [0m
  [1m[35m (0.2ms)[0m  BEGIN
  [1m[36mSQL (0.5ms)[0m  [1mINSERT INTO `variables` (`created_at`, `name`, `updated_at`, `value`) VALUES ('2012-04-22 22:07:40', NULL, '2012-04-22 22:07:40', NULL)[0m
  [1m[35m (0.6ms)[0m  COMMIT
  Rendered pages/home.html.erb within layouts/application (75.4ms)
Completed 200 OK in 384ms (Views: 236.0ms | ActiveRecord: 35.9ms)


Started GET "/assets/application.css?body=1" for 127.0.0.1 at 2012-04-22 15:07:40 -0700
Served asset /application.css - 200 OK (2ms)


Started GET "/assets/jquery.js?body=1" for 127.0.0.1 at 2012-04-22 15:07:40 -0700
Served asset /jquery.js - 200 OK (1ms)


Started GET "/assets/pages.css?body=1" for 127.0.0.1 at 2012-04-22 15:07:40 -0700
Served asset /pages.css - 200 OK (2ms)


Started GET "/assets/jquery_ujs.js?body=1" for 127.0.0.1 at 2012-04-22 15:07:40 -0700
Served asset /jquery_ujs.js - 200 OK (3ms)


Started GET "/assets/pages.js?body=1" for 127.0.0.1 at 2012-04-22 15:07:40 -0700
Served asset /pages.js - 200 OK (1ms)


Started GET "/assets/application.js?body=1" for 127.0.0.1 at 2012-04-22 15:07:40 -0700
Served asset /application.js - 200 OK (5ms)


Started POST "/pages/home" for 127.0.0.1 at 2012-04-22 15:08:40 -0700
Processing by PagesController#home as HTML
  Parameters: {"utf8"=>"✓", "authenticity_token"=>"xEnO6oN8DT+wNDzq2h/rUBZf1YPa15BqJOZx1erVUB0=", "var"=>{"name"=>"fas", "value"=>"sdf"}, "commit"=>"Create my variable"}
  [1m[36mVariable Load (0.3ms)[0m  [1mSELECT `variables`.* FROM `variables` [0m
  [1m[35m (0.0ms)[0m  BEGIN
  [1m[36mSQL (0.2ms)[0m  [1mINSERT INTO `variables` (`created_at`, `name`, `updated_at`, `value`) VALUES ('2012-04-22 22:08:40', 'fas', '2012-04-22 22:08:40', 'sdf')[0m
  [1m[35m (0.3ms)[0m  COMMIT
  Rendered pages/home.html.erb within layouts/application (17.3ms)
Completed 200 OK in 24ms (Views: 21.6ms | ActiveRecord: 0.8ms)


Started POST "/pages/home" for 127.0.0.1 at 2012-04-22 15:08:46 -0700
Processing by PagesController#home as HTML
  Parameters: {"utf8"=>"✓", "authenticity_token"=>"xEnO6oN8DT+wNDzq2h/rUBZf1YPa15BqJOZx1erVUB0=", "var"=>{"name"=>"fasdsf", "value"=>"sdfsdf"}, "commit"=>"Create my variable"}
  [1m[36mVariable Load (0.3ms)[0m  [1mSELECT `variables`.* FROM `variables` [0m
  [1m[35m (0.2ms)[0m  BEGIN
  [1m[36mSQL (3.7ms)[0m  [1mINSERT INTO `variables` (`created_at`, `name`, `updated_at`, `value`) VALUES ('2012-04-22 22:08:46', 'fasdsf', '2012-04-22 22:08:46', 'sdfsdf')[0m
  [1m[35m (0.3ms)[0m  COMMIT
  Rendered pages/home.html.erb within layouts/application (2.1ms)
Completed 200 OK in 12ms (Views: 5.8ms | ActiveRecord: 4.4ms)


Started POST "/pages/home" for 127.0.0.1 at 2012-04-22 15:08:49 -0700
Processing by PagesController#home as HTML
  Parameters: {"utf8"=>"✓", "authenticity_token"=>"xEnO6oN8DT+wNDzq2h/rUBZf1YPa15BqJOZx1erVUB0=", "var"=>{"name"=>"fasdsf", "value"=>"sdfsdf"}, "commit"=>"Create my variable"}
  [1m[36mVariable Load (0.3ms)[0m  [1mSELECT `variables`.* FROM `variables` [0m
  [1m[35m (0.0ms)[0m  BEGIN
  [1m[36mSQL (0.2ms)[0m  [1mINSERT INTO `variables` (`created_at`, `name`, `updated_at`, `value`) VALUES ('2012-04-22 22:08:49', 'fasdsf', '2012-04-22 22:08:49', 'sdfsdf')[0m
  [1m[35m (0.3ms)[0m  COMMIT
  Rendered pages/home.html.erb within layouts/application (1.4ms)
Completed 200 OK in 7ms (Views: 4.8ms | ActiveRecord: 0.8ms)


Started GET "/pages/home" for 127.0.0.1 at 2012-04-22 15:59:30 -0700
Processing by PagesController#home as HTML
  [1m[36mVariable Load (0.2ms)[0m  [1mSELECT `variables`.* FROM `variables` [0m
  [1m[35m (0.2ms)[0m  BEGIN
  [1m[36mSQL (0.4ms)[0m  [1mINSERT INTO `variables` (`created_at`, `name`, `updated_at`, `value`) VALUES ('2012-04-22 22:59:30', NULL, '2012-04-22 22:59:30', NULL)[0m
  [1m[35m (0.5ms)[0m  COMMIT
  Rendered pages/home.html.erb within layouts/application (7.5ms)
Completed 200 OK in 79ms (Views: 26.3ms | ActiveRecord: 5.8ms)


Started GET "/assets/pages.css?body=1" for 127.0.0.1 at 2012-04-22 15:59:30 -0700
Served asset /pages.css - 304 Not Modified (4ms)


Started GET "/assets/application.css?body=1" for 127.0.0.1 at 2012-04-22 15:59:30 -0700
Served asset /application.css - 304 Not Modified (2ms)


Started GET "/assets/jquery.js?body=1" for 127.0.0.1 at 2012-04-22 15:59:30 -0700
Served asset /jquery.js - 304 Not Modified (1ms)


Started GET "/assets/application.js?body=1" for 127.0.0.1 at 2012-04-22 15:59:30 -0700
Served asset /application.js - 304 Not Modified (4ms)


Started GET "/assets/jquery_ujs.js?body=1" for 127.0.0.1 at 2012-04-22 15:59:30 -0700
Served asset /jquery_ujs.js - 304 Not Modified (1ms)


Started GET "/assets/pages.js?body=1" for 127.0.0.1 at 2012-04-22 15:59:30 -0700
Served asset /pages.js - 304 Not Modified (1ms)


Started POST "/pages/home" for 127.0.0.1 at 2012-04-22 15:59:38 -0700
Processing by PagesController#home as HTML
  Parameters: {"utf8"=>"✓", "authenticity_token"=>"xEnO6oN8DT+wNDzq2h/rUBZf1YPa15BqJOZx1erVUB0=", "var"=>{"name"=>"sdf", "value"=>"sdf"}, "commit"=>"Create my variable"}
  [1m[36mVariable Load (0.2ms)[0m  [1mSELECT `variables`.* FROM `variables` [0m
  [1m[35m (0.1ms)[0m  BEGIN
  [1m[36mSQL (0.2ms)[0m  [1mINSERT INTO `variables` (`created_at`, `name`, `updated_at`, `value`) VALUES ('2012-04-22 22:59:38', 'sdf', '2012-04-22 22:59:38', 'sdf')[0m
  [1m[35m (0.2ms)[0m  COMMIT
  Rendered pages/home.html.erb within layouts/application (1.6ms)
Completed 200 OK in 8ms (Views: 5.1ms | ActiveRecord: 0.6ms)


Started GET "/assets/application.css?body=1" for 127.0.0.1 at 2012-04-22 15:59:38 -0700
Served asset /application.css - 304 Not Modified (0ms)


Started GET "/assets/pages.css?body=1" for 127.0.0.1 at 2012-04-22 15:59:38 -0700
Served asset /pages.css - 304 Not Modified (1ms)


Started GET "/assets/jquery.js?body=1" for 127.0.0.1 at 2012-04-22 15:59:38 -0700
Served asset /jquery.js - 304 Not Modified (0ms)


Started GET "/assets/pages.js?body=1" for 127.0.0.1 at 2012-04-22 15:59:38 -0700
Served asset /pages.js - 304 Not Modified (0ms)


Started GET "/assets/application.js?body=1" for 127.0.0.1 at 2012-04-22 15:59:38 -0700
Served asset /application.js - 304 Not Modified (0ms)


Started GET "/assets/jquery_ujs.js?body=1" for 127.0.0.1 at 2012-04-22 15:59:38 -0700
Served asset /jquery_ujs.js - 304 Not Modified (0ms)


Started POST "/pages/home" for 127.0.0.1 at 2012-04-22 15:59:39 -0700
Processing by PagesController#home as HTML
  Parameters: {"utf8"=>"✓", "authenticity_token"=>"xEnO6oN8DT+wNDzq2h/rUBZf1YPa15BqJOZx1erVUB0=", "var"=>{"name"=>"sdf", "value"=>"sdf"}, "commit"=>"Create my variable"}
  [1m[36mVariable Load (0.2ms)[0m  [1mSELECT `variables`.* FROM `variables` [0m
  [1m[35m (0.1ms)[0m  BEGIN
  [1m[36mSQL (0.2ms)[0m  [1mINSERT INTO `variables` (`created_at`, `name`, `updated_at`, `value`) VALUES ('2012-04-22 22:59:39', 'sdf', '2012-04-22 22:59:39', 'sdf')[0m
  [1m[35m (0.3ms)[0m  COMMIT
  Rendered pages/home.html.erb within layouts/application (18.1ms)
Completed 200 OK in 25ms (Views: 21.8ms | ActiveRecord: 0.8ms)


Started GET "/assets/application.css?body=1" for 127.0.0.1 at 2012-04-22 15:59:39 -0700
Served asset /application.css - 304 Not Modified (0ms)


Started GET "/assets/jquery.js?body=1" for 127.0.0.1 at 2012-04-22 15:59:39 -0700
Served asset /jquery.js - 304 Not Modified (0ms)


Started GET "/assets/pages.css?body=1" for 127.0.0.1 at 2012-04-22 15:59:39 -0700
Served asset /pages.css - 304 Not Modified (0ms)


Started GET "/assets/jquery_ujs.js?body=1" for 127.0.0.1 at 2012-04-22 15:59:39 -0700
Served asset /jquery_ujs.js - 304 Not Modified (0ms)


Started GET "/assets/pages.js?body=1" for 127.0.0.1 at 2012-04-22 15:59:39 -0700
Served asset /pages.js - 304 Not Modified (0ms)


Started GET "/assets/application.js?body=1" for 127.0.0.1 at 2012-04-22 15:59:39 -0700
Served asset /application.js - 304 Not Modified (0ms)


Started POST "/pages/home" for 127.0.0.1 at 2012-04-22 15:59:44 -0700
Processing by PagesController#home as HTML
  Parameters: {"utf8"=>"✓", "authenticity_token"=>"xEnO6oN8DT+wNDzq2h/rUBZf1YPa15BqJOZx1erVUB0=", "var"=>{"name"=>"sdf", "value"=>"sdf"}, "commit"=>"Create my variable"}
  [1m[36mVariable Load (0.2ms)[0m  [1mSELECT `variables`.* FROM `variables` [0m
  [1m[35m (0.1ms)[0m  BEGIN
  [1m[36mSQL (0.2ms)[0m  [1mINSERT INTO `variables` (`created_at`, `name`, `updated_at`, `value`) VALUES ('2012-04-22 22:59:44', 'sdf', '2012-04-22 22:59:44', 'sdf')[0m
  [1m[35m (0.3ms)[0m  COMMIT
  Rendered pages/home.html.erb within layouts/application (1.5ms)
Completed 200 OK in 8ms (Views: 5.4ms | ActiveRecord: 0.8ms)


Started GET "/assets/application.css?body=1" for 127.0.0.1 at 2012-04-22 15:59:44 -0700
Served asset /application.css - 304 Not Modified (0ms)


Started GET "/assets/jquery.js?body=1" for 127.0.0.1 at 2012-04-22 15:59:44 -0700
Served asset /jquery.js - 304 Not Modified (0ms)


Started GET "/assets/jquery_ujs.js?body=1" for 127.0.0.1 at 2012-04-22 15:59:44 -0700
Served asset /jquery_ujs.js - 304 Not Modified (0ms)


Started GET "/assets/application.js?body=1" for 127.0.0.1 at 2012-04-22 15:59:44 -0700
Served asset /application.js - 304 Not Modified (0ms)


Started GET "/assets/pages.css?body=1" for 127.0.0.1 at 2012-04-22 15:59:44 -0700
Served asset /pages.css - 304 Not Modified (0ms)


Started GET "/assets/pages.js?body=1" for 127.0.0.1 at 2012-04-22 15:59:44 -0700
Served asset /pages.js - 304 Not Modified (0ms)
